<?xml version="1.0" encoding="UTF-8"?>
<testsuite xmlns:xsi="http://www.w3.org/2001/XMLSchema-instance" xsi:noNamespaceSchemaLocation="https://maven.apache.org/surefire/maven-surefire-plugin/xsd/surefire-test-report.xsd" name="Runer.BDDruner" time="10.988" tests="10" errors="0" skipped="0" failures="0">
  <properties>
[...]
</properties>
  <testcase name="Given Not a validated user" classname="Scenario: 1.Valid user with valid password" time="0.009"/>
  <testcase name="When User browse to the site" classname="Scenario: 1.Valid user with valid password" time="0"/>
  <testcase name="Then Spree home page should display" classname="Scenario: 1.Valid user with valid password" time="0"/>
  <testcase name="When User click login link" classname="Scenario: 1.Valid user with valid password" time="0"/>
  <testcase name="When User enter user email as &quot;shiftqa1@gmail.com&quot;" classname="Scenario: 1.Valid user with valid password" time="0"/>
  <testcase name="And User enter password as &quot;shiftedtech&quot;" classname="Scenario: 1.Valid user with valid password" time="0"/>
  <testcase name="Then User click login button" classname="Scenario: 1.Valid user with valid password" time="0"/>
  <testcase name="Then Home page should display" classname="Scenario: 1.Valid user with valid password" time="0"/>
  <testcase name="And Login success message display" classname="Scenario: 1.Valid user with valid password" time="0"/>
  <testcase name="Scenario: 1.Valid user with valid password" classname="Scenario: 1.Valid user with valid password" time="0.135"/>
</testsuite>